TN:
SF:lib/lucid_components.dart
FNF:0
FNH:0
DA:6,2
LF:1
LH:1
end_of_record
TN:
SF:lib/src/buttons.dart
FNF:0
FNH:0
DA:7,1
DA:14,1
DA:22,1
DA:23,1
DA:31,1
DA:33,1
DA:35,2
DA:37,2
DA:41,4
DA:44,1
DA:46,1
DA:47,2
DA:50,1
DA:52,3
DA:53,1
DA:54,1
DA:55,1
DA:59,1
DA:60,2
DA:61,3
DA:63,1
DA:64,3
DA:65,1
DA:66,3
DA:68,1
DA:69,3
DA:72,1
DA:73,3
DA:74,2
DA:76,1
DA:77,1
DA:82,3
DA:83,1
DA:84,1
DA:85,2
DA:86,1
DA:89,1
DA:90,2
DA:94,1
DA:95,1
DA:96,1
DA:97,1
DA:98,2
LF:43
LH:43
end_of_record
TN:
SF:lib/src/enums.dart
FNF:0
FNH:0
DA:1,2
DA:8,2
LF:2
LH:2
end_of_record
TN:
SF:lib/src/utils.dart
FNF:0
FNH:0
DA:5,2
DA:7,2
DA:9,1
DA:12,1
DA:14,1
DA:21,1
DA:23,1
DA:25,1
DA:32,2
DA:34,2
DA:36,1
DA:39,1
DA:41,1
DA:49,2
DA:51,2
DA:53,1
DA:56,1
DA:58,1
LF:18
LH:18
end_of_record
